[WARN  Tue 30 Sep 2025 01:18:11 AM CEST] /home/thyruh/.local/share/nvim/site/pack/packer/start/telescope.nvim/lua/telescope/pickers.lua:498: Finder failed with msg:  ...ite/pack/packer/start/telescope.nvim/lua/telescope/_.lua:298: rg: Executable not found
stack traceback:
	...ite/pack/packer/start/telescope.nvim/lua/telescope/_.lua:298: in function 'convert_opts'
	...ite/pack/packer/start/telescope.nvim/lua/telescope/_.lua:18: in function 'new'
	...ite/pack/packer/start/telescope.nvim/lua/telescope/_.lua:64: in function 'spawn'
	...elescope.nvim/lua/telescope/finders/async_job_finder.lua:49: in function 'finder'
	...ck/packer/start/telescope.nvim/lua/telescope/pickers.lua:494: in function <...ck/packer/start/telescope.nvim/lua/telescope/pickers.lua:493>
	[C]: in function 'pcall'
	...ck/packer/start/telescope.nvim/lua/telescope/pickers.lua:493: in function <...ck/packer/start/telescope.nvim/lua/telescope/pickers.lua:454>
[WARN  Tue 30 Sep 2025 01:18:11 AM CEST] /home/thyruh/.local/share/nvim/site/pack/packer/start/telescope.nvim/lua/telescope/pickers.lua:498: Finder failed with msg:  ...ite/pack/packer/start/telescope.nvim/lua/telescope/_.lua:298: rg: Executable not found
stack traceback:
	...ite/pack/packer/start/telescope.nvim/lua/telescope/_.lua:298: in function 'convert_opts'
	...ite/pack/packer/start/telescope.nvim/lua/telescope/_.lua:18: in function 'new'
	...ite/pack/packer/start/telescope.nvim/lua/telescope/_.lua:64: in function 'spawn'
	...elescope.nvim/lua/telescope/finders/async_job_finder.lua:49: in function 'finder'
	...ck/packer/start/telescope.nvim/lua/telescope/pickers.lua:494: in function <...ck/packer/start/telescope.nvim/lua/telescope/pickers.lua:493>
	[C]: in function 'pcall'
	...ck/packer/start/telescope.nvim/lua/telescope/pickers.lua:493: in function <...ck/packer/start/telescope.nvim/lua/telescope/pickers.lua:454>
[WARN  Tue 30 Sep 2025 01:18:12 AM CEST] /home/thyruh/.local/share/nvim/site/pack/packer/start/telescope.nvim/lua/telescope/pickers.lua:498: Finder failed with msg:  ...ite/pack/packer/start/telescope.nvim/lua/telescope/_.lua:298: rg: Executable not found
stack traceback:
	...ite/pack/packer/start/telescope.nvim/lua/telescope/_.lua:298: in function 'convert_opts'
	...ite/pack/packer/start/telescope.nvim/lua/telescope/_.lua:18: in function 'new'
	...ite/pack/packer/start/telescope.nvim/lua/telescope/_.lua:64: in function 'spawn'
	...elescope.nvim/lua/telescope/finders/async_job_finder.lua:49: in function 'finder'
	...ck/packer/start/telescope.nvim/lua/telescope/pickers.lua:494: in function <...ck/packer/start/telescope.nvim/lua/telescope/pickers.lua:493>
	[C]: in function 'pcall'
	...ck/packer/start/telescope.nvim/lua/telescope/pickers.lua:493: in function <...ck/packer/start/telescope.nvim/lua/telescope/pickers.lua:454>
[WARN  Tue 30 Sep 2025 01:18:14 AM CEST] /home/thyruh/.local/share/nvim/site/pack/packer/start/telescope.nvim/lua/telescope/pickers.lua:498: Finder failed with msg:  ...ite/pack/packer/start/telescope.nvim/lua/telescope/_.lua:298: rg: Executable not found
stack traceback:
	...ite/pack/packer/start/telescope.nvim/lua/telescope/_.lua:298: in function 'convert_opts'
	...ite/pack/packer/start/telescope.nvim/lua/telescope/_.lua:18: in function 'new'
	...ite/pack/packer/start/telescope.nvim/lua/telescope/_.lua:64: in function 'spawn'
	...elescope.nvim/lua/telescope/finders/async_job_finder.lua:49: in function 'finder'
	...ck/packer/start/telescope.nvim/lua/telescope/pickers.lua:494: in function <...ck/packer/start/telescope.nvim/lua/telescope/pickers.lua:493>
	[C]: in function 'pcall'
	...ck/packer/start/telescope.nvim/lua/telescope/pickers.lua:493: in function <...ck/packer/start/telescope.nvim/lua/telescope/pickers.lua:454>
[WARN  Tue 30 Sep 2025 01:20:59 AM CEST] /home/thyruh/.local/share/nvim/site/pack/packer/start/telescope.nvim/lua/telescope/pickers.lua:498: Finder failed with msg:  ...ite/pack/packer/start/telescope.nvim/lua/telescope/_.lua:298: rg: Executable not found
stack traceback:
	...ite/pack/packer/start/telescope.nvim/lua/telescope/_.lua:298: in function 'convert_opts'
	...ite/pack/packer/start/telescope.nvim/lua/telescope/_.lua:18: in function 'new'
	...ite/pack/packer/start/telescope.nvim/lua/telescope/_.lua:64: in function 'spawn'
	...elescope.nvim/lua/telescope/finders/async_job_finder.lua:49: in function 'finder'
	...ck/packer/start/telescope.nvim/lua/telescope/pickers.lua:494: in function <...ck/packer/start/telescope.nvim/lua/telescope/pickers.lua:493>
	[C]: in function 'pcall'
	...ck/packer/start/telescope.nvim/lua/telescope/pickers.lua:493: in function <...ck/packer/start/telescope.nvim/lua/telescope/pickers.lua:454>
[WARN  Tue 30 Sep 2025 01:21:00 AM CEST] /home/thyruh/.local/share/nvim/site/pack/packer/start/telescope.nvim/lua/telescope/pickers.lua:498: Finder failed with msg:  ...ite/pack/packer/start/telescope.nvim/lua/telescope/_.lua:298: rg: Executable not found
stack traceback:
	...ite/pack/packer/start/telescope.nvim/lua/telescope/_.lua:298: in function 'convert_opts'
	...ite/pack/packer/start/telescope.nvim/lua/telescope/_.lua:18: in function 'new'
	...ite/pack/packer/start/telescope.nvim/lua/telescope/_.lua:64: in function 'spawn'
	...elescope.nvim/lua/telescope/finders/async_job_finder.lua:49: in function 'finder'
	...ck/packer/start/telescope.nvim/lua/telescope/pickers.lua:494: in function <...ck/packer/start/telescope.nvim/lua/telescope/pickers.lua:493>
	[C]: in function 'pcall'
	...ck/packer/start/telescope.nvim/lua/telescope/pickers.lua:493: in function <...ck/packer/start/telescope.nvim/lua/telescope/pickers.lua:454>
[WARN  Tue 30 Sep 2025 01:21:00 AM CEST] /home/thyruh/.local/share/nvim/site/pack/packer/start/telescope.nvim/lua/telescope/pickers.lua:498: Finder failed with msg:  ...ite/pack/packer/start/telescope.nvim/lua/telescope/_.lua:298: rg: Executable not found
stack traceback:
	...ite/pack/packer/start/telescope.nvim/lua/telescope/_.lua:298: in function 'convert_opts'
	...ite/pack/packer/start/telescope.nvim/lua/telescope/_.lua:18: in function 'new'
	...ite/pack/packer/start/telescope.nvim/lua/telescope/_.lua:64: in function 'spawn'
	...elescope.nvim/lua/telescope/finders/async_job_finder.lua:49: in function 'finder'
	...ck/packer/start/telescope.nvim/lua/telescope/pickers.lua:494: in function <...ck/packer/start/telescope.nvim/lua/telescope/pickers.lua:493>
	[C]: in function 'pcall'
	...ck/packer/start/telescope.nvim/lua/telescope/pickers.lua:493: in function <...ck/packer/start/telescope.nvim/lua/telescope/pickers.lua:454>
[WARN  Tue 30 Sep 2025 01:21:06 AM CEST] /home/thyruh/.local/share/nvim/site/pack/packer/start/telescope.nvim/lua/telescope/pickers.lua:498: Finder failed with msg:  ...ite/pack/packer/start/telescope.nvim/lua/telescope/_.lua:298: rg: Executable not found
stack traceback:
	...ite/pack/packer/start/telescope.nvim/lua/telescope/_.lua:298: in function 'convert_opts'
	...ite/pack/packer/start/telescope.nvim/lua/telescope/_.lua:18: in function 'new'
	...ite/pack/packer/start/telescope.nvim/lua/telescope/_.lua:64: in function 'spawn'
	...elescope.nvim/lua/telescope/finders/async_job_finder.lua:49: in function 'finder'
	...ck/packer/start/telescope.nvim/lua/telescope/pickers.lua:494: in function <...ck/packer/start/telescope.nvim/lua/telescope/pickers.lua:493>
	[C]: in function 'pcall'
	...ck/packer/start/telescope.nvim/lua/telescope/pickers.lua:493: in function <...ck/packer/start/telescope.nvim/lua/telescope/pickers.lua:454>
[WARN  Tue 30 Sep 2025 01:21:07 AM CEST] /home/thyruh/.local/share/nvim/site/pack/packer/start/telescope.nvim/lua/telescope/pickers.lua:498: Finder failed with msg:  ...ite/pack/packer/start/telescope.nvim/lua/telescope/_.lua:298: rg: Executable not found
stack traceback:
	...ite/pack/packer/start/telescope.nvim/lua/telescope/_.lua:298: in function 'convert_opts'
	...ite/pack/packer/start/telescope.nvim/lua/telescope/_.lua:18: in function 'new'
	...ite/pack/packer/start/telescope.nvim/lua/telescope/_.lua:64: in function 'spawn'
	...elescope.nvim/lua/telescope/finders/async_job_finder.lua:49: in function 'finder'
	...ck/packer/start/telescope.nvim/lua/telescope/pickers.lua:494: in function <...ck/packer/start/telescope.nvim/lua/telescope/pickers.lua:493>
	[C]: in function 'pcall'
	...ck/packer/start/telescope.nvim/lua/telescope/pickers.lua:493: in function <...ck/packer/start/telescope.nvim/lua/telescope/pickers.lua:454>
[WARN  Tue 30 Sep 2025 01:21:07 AM CEST] /home/thyruh/.local/share/nvim/site/pack/packer/start/telescope.nvim/lua/telescope/pickers.lua:498: Finder failed with msg:  ...ite/pack/packer/start/telescope.nvim/lua/telescope/_.lua:298: rg: Executable not found
stack traceback:
	...ite/pack/packer/start/telescope.nvim/lua/telescope/_.lua:298: in function 'convert_opts'
	...ite/pack/packer/start/telescope.nvim/lua/telescope/_.lua:18: in function 'new'
	...ite/pack/packer/start/telescope.nvim/lua/telescope/_.lua:64: in function 'spawn'
	...elescope.nvim/lua/telescope/finders/async_job_finder.lua:49: in function 'finder'
	...ck/packer/start/telescope.nvim/lua/telescope/pickers.lua:494: in function <...ck/packer/start/telescope.nvim/lua/telescope/pickers.lua:493>
	[C]: in function 'pcall'
	...ck/packer/start/telescope.nvim/lua/telescope/pickers.lua:493: in function <...ck/packer/start/telescope.nvim/lua/telescope/pickers.lua:454>
[WARN  Tue 30 Sep 2025 01:21:07 AM CEST] /home/thyruh/.local/share/nvim/site/pack/packer/start/telescope.nvim/lua/telescope/pickers.lua:498: Finder failed with msg:  ...ite/pack/packer/start/telescope.nvim/lua/telescope/_.lua:298: rg: Executable not found
stack traceback:
	...ite/pack/packer/start/telescope.nvim/lua/telescope/_.lua:298: in function 'convert_opts'
	...ite/pack/packer/start/telescope.nvim/lua/telescope/_.lua:18: in function 'new'
	...ite/pack/packer/start/telescope.nvim/lua/telescope/_.lua:64: in function 'spawn'
	...elescope.nvim/lua/telescope/finders/async_job_finder.lua:49: in function 'finder'
	...ck/packer/start/telescope.nvim/lua/telescope/pickers.lua:494: in function <...ck/packer/start/telescope.nvim/lua/telescope/pickers.lua:493>
	[C]: in function 'pcall'
	...ck/packer/start/telescope.nvim/lua/telescope/pickers.lua:493: in function <...ck/packer/start/telescope.nvim/lua/telescope/pickers.lua:454>
[WARN  Tue 30 Sep 2025 01:21:07 AM CEST] /home/thyruh/.local/share/nvim/site/pack/packer/start/telescope.nvim/lua/telescope/pickers.lua:498: Finder failed with msg:  ...ite/pack/packer/start/telescope.nvim/lua/telescope/_.lua:298: rg: Executable not found
stack traceback:
	...ite/pack/packer/start/telescope.nvim/lua/telescope/_.lua:298: in function 'convert_opts'
	...ite/pack/packer/start/telescope.nvim/lua/telescope/_.lua:18: in function 'new'
	...ite/pack/packer/start/telescope.nvim/lua/telescope/_.lua:64: in function 'spawn'
	...elescope.nvim/lua/telescope/finders/async_job_finder.lua:49: in function 'finder'
	...ck/packer/start/telescope.nvim/lua/telescope/pickers.lua:494: in function <...ck/packer/start/telescope.nvim/lua/telescope/pickers.lua:493>
	[C]: in function 'pcall'
	...ck/packer/start/telescope.nvim/lua/telescope/pickers.lua:493: in function <...ck/packer/start/telescope.nvim/lua/telescope/pickers.lua:454>
[WARN  Tue 30 Sep 2025 01:21:08 AM CEST] /home/thyruh/.local/share/nvim/site/pack/packer/start/telescope.nvim/lua/telescope/pickers.lua:498: Finder failed with msg:  ...ite/pack/packer/start/telescope.nvim/lua/telescope/_.lua:298: rg: Executable not found
stack traceback:
	...ite/pack/packer/start/telescope.nvim/lua/telescope/_.lua:298: in function 'convert_opts'
	...ite/pack/packer/start/telescope.nvim/lua/telescope/_.lua:18: in function 'new'
	...ite/pack/packer/start/telescope.nvim/lua/telescope/_.lua:64: in function 'spawn'
	...elescope.nvim/lua/telescope/finders/async_job_finder.lua:49: in function 'finder'
	...ck/packer/start/telescope.nvim/lua/telescope/pickers.lua:494: in function <...ck/packer/start/telescope.nvim/lua/telescope/pickers.lua:493>
	[C]: in function 'pcall'
	...ck/packer/start/telescope.nvim/lua/telescope/pickers.lua:493: in function <...ck/packer/start/telescope.nvim/lua/telescope/pickers.lua:454>
[WARN  Tue 30 Sep 2025 01:21:08 AM CEST] /home/thyruh/.local/share/nvim/site/pack/packer/start/telescope.nvim/lua/telescope/pickers.lua:498: Finder failed with msg:  ...ite/pack/packer/start/telescope.nvim/lua/telescope/_.lua:298: rg: Executable not found
stack traceback:
	...ite/pack/packer/start/telescope.nvim/lua/telescope/_.lua:298: in function 'convert_opts'
	...ite/pack/packer/start/telescope.nvim/lua/telescope/_.lua:18: in function 'new'
	...ite/pack/packer/start/telescope.nvim/lua/telescope/_.lua:64: in function 'spawn'
	...elescope.nvim/lua/telescope/finders/async_job_finder.lua:49: in function 'finder'
	...ck/packer/start/telescope.nvim/lua/telescope/pickers.lua:494: in function <...ck/packer/start/telescope.nvim/lua/telescope/pickers.lua:493>
	[C]: in function 'pcall'
	...ck/packer/start/telescope.nvim/lua/telescope/pickers.lua:493: in function <...ck/packer/start/telescope.nvim/lua/telescope/pickers.lua:454>
[WARN  Tue 30 Sep 2025 01:21:08 AM CEST] /home/thyruh/.local/share/nvim/site/pack/packer/start/telescope.nvim/lua/telescope/pickers.lua:498: Finder failed with msg:  ...ite/pack/packer/start/telescope.nvim/lua/telescope/_.lua:298: rg: Executable not found
stack traceback:
	...ite/pack/packer/start/telescope.nvim/lua/telescope/_.lua:298: in function 'convert_opts'
	...ite/pack/packer/start/telescope.nvim/lua/telescope/_.lua:18: in function 'new'
	...ite/pack/packer/start/telescope.nvim/lua/telescope/_.lua:64: in function 'spawn'
	...elescope.nvim/lua/telescope/finders/async_job_finder.lua:49: in function 'finder'
	...ck/packer/start/telescope.nvim/lua/telescope/pickers.lua:494: in function <...ck/packer/start/telescope.nvim/lua/telescope/pickers.lua:493>
	[C]: in function 'pcall'
	...ck/packer/start/telescope.nvim/lua/telescope/pickers.lua:493: in function <...ck/packer/start/telescope.nvim/lua/telescope/pickers.lua:454>
[WARN  Tue 30 Sep 2025 01:21:08 AM CEST] /home/thyruh/.local/share/nvim/site/pack/packer/start/telescope.nvim/lua/telescope/pickers.lua:498: Finder failed with msg:  ...ite/pack/packer/start/telescope.nvim/lua/telescope/_.lua:298: rg: Executable not found
stack traceback:
	...ite/pack/packer/start/telescope.nvim/lua/telescope/_.lua:298: in function 'convert_opts'
	...ite/pack/packer/start/telescope.nvim/lua/telescope/_.lua:18: in function 'new'
	...ite/pack/packer/start/telescope.nvim/lua/telescope/_.lua:64: in function 'spawn'
	...elescope.nvim/lua/telescope/finders/async_job_finder.lua:49: in function 'finder'
	...ck/packer/start/telescope.nvim/lua/telescope/pickers.lua:494: in function <...ck/packer/start/telescope.nvim/lua/telescope/pickers.lua:493>
	[C]: in function 'pcall'
	...ck/packer/start/telescope.nvim/lua/telescope/pickers.lua:493: in function <...ck/packer/start/telescope.nvim/lua/telescope/pickers.lua:454>
[WARN  Tue 30 Sep 2025 01:21:08 AM CEST] /home/thyruh/.local/share/nvim/site/pack/packer/start/telescope.nvim/lua/telescope/pickers.lua:498: Finder failed with msg:  ...ite/pack/packer/start/telescope.nvim/lua/telescope/_.lua:298: rg: Executable not found
stack traceback:
	...ite/pack/packer/start/telescope.nvim/lua/telescope/_.lua:298: in function 'convert_opts'
	...ite/pack/packer/start/telescope.nvim/lua/telescope/_.lua:18: in function 'new'
	...ite/pack/packer/start/telescope.nvim/lua/telescope/_.lua:64: in function 'spawn'
	...elescope.nvim/lua/telescope/finders/async_job_finder.lua:49: in function 'finder'
	...ck/packer/start/telescope.nvim/lua/telescope/pickers.lua:494: in function <...ck/packer/start/telescope.nvim/lua/telescope/pickers.lua:493>
	[C]: in function 'pcall'
	...ck/packer/start/telescope.nvim/lua/telescope/pickers.lua:493: in function <...ck/packer/start/telescope.nvim/lua/telescope/pickers.lua:454>
[WARN  Tue 30 Sep 2025 01:21:08 AM CEST] /home/thyruh/.local/share/nvim/site/pack/packer/start/telescope.nvim/lua/telescope/pickers.lua:498: Finder failed with msg:  ...ite/pack/packer/start/telescope.nvim/lua/telescope/_.lua:298: rg: Executable not found
stack traceback:
	...ite/pack/packer/start/telescope.nvim/lua/telescope/_.lua:298: in function 'convert_opts'
	...ite/pack/packer/start/telescope.nvim/lua/telescope/_.lua:18: in function 'new'
	...ite/pack/packer/start/telescope.nvim/lua/telescope/_.lua:64: in function 'spawn'
	...elescope.nvim/lua/telescope/finders/async_job_finder.lua:49: in function 'finder'
	...ck/packer/start/telescope.nvim/lua/telescope/pickers.lua:494: in function <...ck/packer/start/telescope.nvim/lua/telescope/pickers.lua:493>
	[C]: in function 'pcall'
	...ck/packer/start/telescope.nvim/lua/telescope/pickers.lua:493: in function <...ck/packer/start/telescope.nvim/lua/telescope/pickers.lua:454>
[WARN  Tue 30 Sep 2025 01:21:08 AM CEST] /home/thyruh/.local/share/nvim/site/pack/packer/start/telescope.nvim/lua/telescope/pickers.lua:498: Finder failed with msg:  ...ite/pack/packer/start/telescope.nvim/lua/telescope/_.lua:298: rg: Executable not found
stack traceback:
	...ite/pack/packer/start/telescope.nvim/lua/telescope/_.lua:298: in function 'convert_opts'
	...ite/pack/packer/start/telescope.nvim/lua/telescope/_.lua:18: in function 'new'
	...ite/pack/packer/start/telescope.nvim/lua/telescope/_.lua:64: in function 'spawn'
	...elescope.nvim/lua/telescope/finders/async_job_finder.lua:49: in function 'finder'
	...ck/packer/start/telescope.nvim/lua/telescope/pickers.lua:494: in function <...ck/packer/start/telescope.nvim/lua/telescope/pickers.lua:493>
	[C]: in function 'pcall'
	...ck/packer/start/telescope.nvim/lua/telescope/pickers.lua:493: in function <...ck/packer/start/telescope.nvim/lua/telescope/pickers.lua:454>
[WARN  Tue 30 Sep 2025 01:21:09 AM CEST] /home/thyruh/.local/share/nvim/site/pack/packer/start/telescope.nvim/lua/telescope/pickers.lua:498: Finder failed with msg:  ...ite/pack/packer/start/telescope.nvim/lua/telescope/_.lua:298: rg: Executable not found
stack traceback:
	...ite/pack/packer/start/telescope.nvim/lua/telescope/_.lua:298: in function 'convert_opts'
	...ite/pack/packer/start/telescope.nvim/lua/telescope/_.lua:18: in function 'new'
	...ite/pack/packer/start/telescope.nvim/lua/telescope/_.lua:64: in function 'spawn'
	...elescope.nvim/lua/telescope/finders/async_job_finder.lua:49: in function 'finder'
	...ck/packer/start/telescope.nvim/lua/telescope/pickers.lua:494: in function <...ck/packer/start/telescope.nvim/lua/telescope/pickers.lua:493>
	[C]: in function 'pcall'
	...ck/packer/start/telescope.nvim/lua/telescope/pickers.lua:493: in function <...ck/packer/start/telescope.nvim/lua/telescope/pickers.lua:454>
[WARN  Tue 30 Sep 2025 01:21:09 AM CEST] /home/thyruh/.local/share/nvim/site/pack/packer/start/telescope.nvim/lua/telescope/pickers.lua:498: Finder failed with msg:  ...ite/pack/packer/start/telescope.nvim/lua/telescope/_.lua:298: rg: Executable not found
stack traceback:
	...ite/pack/packer/start/telescope.nvim/lua/telescope/_.lua:298: in function 'convert_opts'
	...ite/pack/packer/start/telescope.nvim/lua/telescope/_.lua:18: in function 'new'
	...ite/pack/packer/start/telescope.nvim/lua/telescope/_.lua:64: in function 'spawn'
	...elescope.nvim/lua/telescope/finders/async_job_finder.lua:49: in function 'finder'
	...ck/packer/start/telescope.nvim/lua/telescope/pickers.lua:494: in function <...ck/packer/start/telescope.nvim/lua/telescope/pickers.lua:493>
	[C]: in function 'pcall'
	...ck/packer/start/telescope.nvim/lua/telescope/pickers.lua:493: in function <...ck/packer/start/telescope.nvim/lua/telescope/pickers.lua:454>
[WARN  Tue 30 Sep 2025 01:21:09 AM CEST] /home/thyruh/.local/share/nvim/site/pack/packer/start/telescope.nvim/lua/telescope/pickers.lua:498: Finder failed with msg:  ...ite/pack/packer/start/telescope.nvim/lua/telescope/_.lua:298: rg: Executable not found
stack traceback:
	...ite/pack/packer/start/telescope.nvim/lua/telescope/_.lua:298: in function 'convert_opts'
	...ite/pack/packer/start/telescope.nvim/lua/telescope/_.lua:18: in function 'new'
	...ite/pack/packer/start/telescope.nvim/lua/telescope/_.lua:64: in function 'spawn'
	...elescope.nvim/lua/telescope/finders/async_job_finder.lua:49: in function 'finder'
	...ck/packer/start/telescope.nvim/lua/telescope/pickers.lua:494: in function <...ck/packer/start/telescope.nvim/lua/telescope/pickers.lua:493>
	[C]: in function 'pcall'
	...ck/packer/start/telescope.nvim/lua/telescope/pickers.lua:493: in function <...ck/packer/start/telescope.nvim/lua/telescope/pickers.lua:454>
[WARN  Tue 30 Sep 2025 01:21:09 AM CEST] /home/thyruh/.local/share/nvim/site/pack/packer/start/telescope.nvim/lua/telescope/pickers.lua:498: Finder failed with msg:  ...ite/pack/packer/start/telescope.nvim/lua/telescope/_.lua:298: rg: Executable not found
stack traceback:
	...ite/pack/packer/start/telescope.nvim/lua/telescope/_.lua:298: in function 'convert_opts'
	...ite/pack/packer/start/telescope.nvim/lua/telescope/_.lua:18: in function 'new'
	...ite/pack/packer/start/telescope.nvim/lua/telescope/_.lua:64: in function 'spawn'
	...elescope.nvim/lua/telescope/finders/async_job_finder.lua:49: in function 'finder'
	...ck/packer/start/telescope.nvim/lua/telescope/pickers.lua:494: in function <...ck/packer/start/telescope.nvim/lua/telescope/pickers.lua:493>
	[C]: in function 'pcall'
	...ck/packer/start/telescope.nvim/lua/telescope/pickers.lua:493: in function <...ck/packer/start/telescope.nvim/lua/telescope/pickers.lua:454>
[WARN  Tue 30 Sep 2025 01:21:40 AM CEST] /home/thyruh/.local/share/nvim/site/pack/packer/start/telescope.nvim/lua/telescope/pickers.lua:498: Finder failed with msg:  ...ite/pack/packer/start/telescope.nvim/lua/telescope/_.lua:298: rg: Executable not found
stack traceback:
	...ite/pack/packer/start/telescope.nvim/lua/telescope/_.lua:298: in function 'convert_opts'
	...ite/pack/packer/start/telescope.nvim/lua/telescope/_.lua:18: in function 'new'
	...ite/pack/packer/start/telescope.nvim/lua/telescope/_.lua:64: in function 'spawn'
	...elescope.nvim/lua/telescope/finders/async_job_finder.lua:49: in function 'finder'
	...ck/packer/start/telescope.nvim/lua/telescope/pickers.lua:494: in function <...ck/packer/start/telescope.nvim/lua/telescope/pickers.lua:493>
	[C]: in function 'pcall'
	...ck/packer/start/telescope.nvim/lua/telescope/pickers.lua:493: in function <...ck/packer/start/telescope.nvim/lua/telescope/pickers.lua:454>
[WARN  Tue 30 Sep 2025 01:21:40 AM CEST] /home/thyruh/.local/share/nvim/site/pack/packer/start/telescope.nvim/lua/telescope/pickers.lua:498: Finder failed with msg:  ...ite/pack/packer/start/telescope.nvim/lua/telescope/_.lua:298: rg: Executable not found
stack traceback:
	...ite/pack/packer/start/telescope.nvim/lua/telescope/_.lua:298: in function 'convert_opts'
	...ite/pack/packer/start/telescope.nvim/lua/telescope/_.lua:18: in function 'new'
	...ite/pack/packer/start/telescope.nvim/lua/telescope/_.lua:64: in function 'spawn'
	...elescope.nvim/lua/telescope/finders/async_job_finder.lua:49: in function 'finder'
	...ck/packer/start/telescope.nvim/lua/telescope/pickers.lua:494: in function <...ck/packer/start/telescope.nvim/lua/telescope/pickers.lua:493>
	[C]: in function 'pcall'
	...ck/packer/start/telescope.nvim/lua/telescope/pickers.lua:493: in function <...ck/packer/start/telescope.nvim/lua/telescope/pickers.lua:454>
[WARN  Tue 30 Sep 2025 01:21:41 AM CEST] /home/thyruh/.local/share/nvim/site/pack/packer/start/telescope.nvim/lua/telescope/pickers.lua:498: Finder failed with msg:  ...ite/pack/packer/start/telescope.nvim/lua/telescope/_.lua:298: rg: Executable not found
stack traceback:
	...ite/pack/packer/start/telescope.nvim/lua/telescope/_.lua:298: in function 'convert_opts'
	...ite/pack/packer/start/telescope.nvim/lua/telescope/_.lua:18: in function 'new'
	...ite/pack/packer/start/telescope.nvim/lua/telescope/_.lua:64: in function 'spawn'
	...elescope.nvim/lua/telescope/finders/async_job_finder.lua:49: in function 'finder'
	...ck/packer/start/telescope.nvim/lua/telescope/pickers.lua:494: in function <...ck/packer/start/telescope.nvim/lua/telescope/pickers.lua:493>
	[C]: in function 'pcall'
	...ck/packer/start/telescope.nvim/lua/telescope/pickers.lua:493: in function <...ck/packer/start/telescope.nvim/lua/telescope/pickers.lua:454>
